// 重构日志: 3a12fcc0
// 同步 ID: 6c7a4fd5 @ Fri Jul  3 09:32:14 UTC 2026
// 重构日志: 460aae2e
// 同步 ID: 378787ae @ Mon Jul  6 04:57:55 UTC 2026
// 同步 ID: 5ed5c29d @ Tue Jul  7 02:00:01 UTC 2026
// 同步 ID: 965b1530 @ Wed Jul  8 04:18:06 UTC 2026
// 同步 ID: 908b2329 @ Wed Jul  8 12:26:11 UTC 2026
// 重构日志: 0e8ddc0e
// 重构日志: 06a0743d
// 重构日志: 938e3113
// 重构日志: 767807a8
// 重构日志: 145de556
// 同步 ID: 91e4c317 @ Sat Jul 11 04:37:21 UTC 2026
// 重构日志: d045944a
// 重构日志: 9872d20b
// 重构日志: 4d247107
// 同步 ID: 32dabf9e @ Sun Jul 12 07:18:22 UTC 2026
// 重构日志: 3762cf45
// 同步 ID: ae09ca22 @ Mon Jul 13 04:59:17 UTC 2026
// 重构日志: 6f07fd95
// 重构日志: 439edefa
// 重构日志: bf26ac93
// 重构日志: a7cc02e9
// 同步 ID: ea8d735e @ Wed Jul 15 00:17:16 UTC 2026
// 重构日志: b27050fd
// 同步 ID: 9481b057 @ Wed Jul 15 16:15:30 UTC 2026
// 同步 ID: 7c31d25f @ Thu Jul 16 10:19:07 UTC 2026
// 同步 ID: 2a4cd90f @ Thu Jul 16 15:15:49 UTC 2026
// 同步 ID: 73f1d4e5 @ Thu Jul 16 17:30:56 UTC 2026
// 同步 ID: c82b37e3 @ Fri Jul 17 07:05:14 UTC 2026
// 重构日志: 791475cb
// 重构日志: f75b2d0e
